mode: set
github.com/jameshwc/Million-Singer/service/game/util.go:8.42,10.25 2 1
github.com/jameshwc/Million-Singer/service/game/util.go:16.2,16.14 1 1
github.com/jameshwc/Million-Singer/service/game/util.go:10.25,11.24 1 1
github.com/jameshwc/Million-Singer/service/game/util.go:14.3,14.14 1 1
github.com/jameshwc/Million-Singer/service/game/util.go:11.24,13.4 1 1
github.com/jameshwc/Million-Singer/service/game/util.go:19.38,21.27 2 1
github.com/jameshwc/Million-Singer/service/game/util.go:24.2,24.29 1 1
github.com/jameshwc/Million-Singer/service/game/util.go:21.27,23.3 1 1
github.com/jameshwc/Million-Singer/service/game/util.go:27.27,29.19 2 1
github.com/jameshwc/Million-Singer/service/game/util.go:37.2,37.12 1 1
github.com/jameshwc/Million-Singer/service/game/util.go:29.19,30.17 1 1
github.com/jameshwc/Million-Singer/service/game/util.go:33.3,33.15 1 1
github.com/jameshwc/Million-Singer/service/game/util.go:30.17,32.4 1 1
github.com/jameshwc/Million-Singer/service/game/util.go:33.15,35.4 1 1
github.com/jameshwc/Million-Singer/service/game/collect.go:15.70,18.16 2 1
github.com/jameshwc/Million-Singer/service/game/collect.go:23.2,24.50 2 1
github.com/jameshwc/Million-Singer/service/game/collect.go:34.2,35.26 2 1
github.com/jameshwc/Million-Singer/service/game/collect.go:42.2,43.21 2 1
github.com/jameshwc/Million-Singer/service/game/collect.go:18.16,21.3 2 1
github.com/jameshwc/Million-Singer/service/game/collect.go:24.50,26.50 2 1
github.com/jameshwc/Million-Singer/service/game/collect.go:26.50,28.4 1 1
github.com/jameshwc/Million-Singer/service/game/collect.go:28.9,31.4 2 0
github.com/jameshwc/Million-Singer/service/game/collect.go:35.26,38.3 2 1
github.com/jameshwc/Million-Singer/service/game/collect.go:38.8,38.23 1 1
github.com/jameshwc/Million-Singer/service/game/collect.go:38.23,41.3 2 1
github.com/jameshwc/Million-Singer/service/game/collect.go:46.72,47.36 1 1
github.com/jameshwc/Million-Singer/service/game/collect.go:51.2,51.31 1 1
github.com/jameshwc/Million-Singer/service/game/collect.go:55.2,56.16 2 1
github.com/jameshwc/Million-Singer/service/game/collect.go:63.2,64.16 2 1
github.com/jameshwc/Million-Singer/service/game/collect.go:68.2,68.16 1 1
github.com/jameshwc/Million-Singer/service/game/collect.go:47.36,49.3 1 1
github.com/jameshwc/Million-Singer/service/game/collect.go:51.31,53.3 1 1
github.com/jameshwc/Million-Singer/service/game/collect.go:56.16,59.3 2 1
github.com/jameshwc/Million-Singer/service/game/collect.go:59.8,59.39 1 1
github.com/jameshwc/Million-Singer/service/game/collect.go:59.39,62.3 2 1
github.com/jameshwc/Million-Singer/service/game/collect.go:64.16,67.3 2 1
github.com/jameshwc/Million-Singer/service/game/lyric.go:12.79,14.16 2 0
github.com/jameshwc/Million-Singer/service/game/lyric.go:17.2,18.26 2 0
github.com/jameshwc/Million-Singer/service/game/lyric.go:21.2,21.22 1 0
github.com/jameshwc/Million-Singer/service/game/lyric.go:14.16,16.3 1 0
github.com/jameshwc/Million-Singer/service/game/lyric.go:18.26,20.3 1 0
github.com/jameshwc/Million-Singer/service/game/service.go:6.32,8.2 1 0
github.com/jameshwc/Million-Singer/service/game/song.go:34.51,39.58 3 0
github.com/jameshwc/Million-Singer/service/game/song.go:48.2,48.38 1 0
github.com/jameshwc/Million-Singer/service/game/song.go:52.2,53.16 2 0
github.com/jameshwc/Million-Singer/service/game/song.go:58.2,58.59 1 0
github.com/jameshwc/Million-Singer/service/game/song.go:69.2,70.20 2 0
github.com/jameshwc/Million-Singer/service/game/song.go:82.2,82.16 1 0
github.com/jameshwc/Million-Singer/service/game/song.go:87.2,90.40 3 0
github.com/jameshwc/Million-Singer/service/game/song.go:95.2,96.16 2 0
github.com/jameshwc/Million-Singer/service/game/song.go:101.2,101.16 1 0
github.com/jameshwc/Million-Singer/service/game/song.go:39.58,40.10 1 0
github.com/jameshwc/Million-Singer/service/game/song.go:45.3,45.37 1 0
github.com/jameshwc/Million-Singer/service/game/song.go:40.10,42.4 1 0
github.com/jameshwc/Million-Singer/service/game/song.go:42.9,44.4 1 0
github.com/jameshwc/Million-Singer/service/game/song.go:48.38,50.3 1 0
github.com/jameshwc/Million-Singer/service/game/song.go:53.16,56.3 2 0
github.com/jameshwc/Million-Singer/service/game/song.go:59.21,60.8 1 0
github.com/jameshwc/Million-Singer/service/game/song.go:61.11,63.40 2 0
github.com/jameshwc/Million-Singer/service/game/song.go:64.10,66.26 2 0
github.com/jameshwc/Million-Singer/service/game/song.go:71.13,72.49 1 0
github.com/jameshwc/Million-Singer/service/game/song.go:73.13,74.49 1 0
github.com/jameshwc/Million-Singer/service/game/song.go:75.17,76.60 1 0
github.com/jameshwc/Million-Singer/service/game/song.go:77.10,79.51 2 0
github.com/jameshwc/Million-Singer/service/game/song.go:82.16,85.3 2 0
github.com/jameshwc/Million-Singer/service/game/song.go:90.40,93.3 2 0
github.com/jameshwc/Million-Singer/service/game/song.go:96.16,99.3 2 0
github.com/jameshwc/Million-Singer/service/game/song.go:104.90,106.16 2 0
github.com/jameshwc/Million-Singer/service/game/song.go:111.2,112.50 2 0
github.com/jameshwc/Million-Singer/service/game/song.go:121.2,122.26 2 0
github.com/jameshwc/Million-Singer/service/game/song.go:129.2,130.75 2 0
github.com/jameshwc/Million-Singer/service/game/song.go:106.16,109.3 2 0
github.com/jameshwc/Million-Singer/service/game/song.go:112.50,114.50 2 0
github.com/jameshwc/Million-Singer/service/game/song.go:114.50,116.4 1 0
github.com/jameshwc/Million-Singer/service/game/song.go:116.9,119.4 2 0
github.com/jameshwc/Million-Singer/service/game/song.go:122.26,125.3 2 0
github.com/jameshwc/Million-Singer/service/game/song.go:125.8,125.23 1 0
github.com/jameshwc/Million-Singer/service/game/song.go:125.23,128.3 2 0
github.com/jameshwc/Million-Singer/service/game/song.go:133.52,135.16 2 0
github.com/jameshwc/Million-Singer/service/game/song.go:138.2,138.44 1 0
github.com/jameshwc/Million-Singer/service/game/song.go:142.2,143.43 2 0
github.com/jameshwc/Million-Singer/service/game/song.go:146.2,147.43 2 0
github.com/jameshwc/Million-Singer/service/game/song.go:150.2,150.12 1 0
github.com/jameshwc/Million-Singer/service/game/song.go:135.16,137.3 1 0
github.com/jameshwc/Million-Singer/service/game/song.go:138.44,141.3 2 0
github.com/jameshwc/Million-Singer/service/game/song.go:143.43,145.3 1 0
github.com/jameshwc/Million-Singer/service/game/song.go:147.43,149.3 1 0
github.com/jameshwc/Million-Singer/service/game/tour.go:15.64,18.16 2 1
github.com/jameshwc/Million-Singer/service/game/tour.go:23.2,24.50 2 1
github.com/jameshwc/Million-Singer/service/game/tour.go:34.2,35.26 2 1
github.com/jameshwc/Million-Singer/service/game/tour.go:42.2,43.18 2 1
github.com/jameshwc/Million-Singer/service/game/tour.go:18.16,21.3 2 1
github.com/jameshwc/Million-Singer/service/game/tour.go:24.50,26.50 2 1
github.com/jameshwc/Million-Singer/service/game/tour.go:26.50,28.4 1 1
github.com/jameshwc/Million-Singer/service/game/tour.go:28.9,31.4 2 0
github.com/jameshwc/Million-Singer/service/game/tour.go:35.26,38.3 2 1
github.com/jameshwc/Million-Singer/service/game/tour.go:38.8,38.23 1 1
github.com/jameshwc/Million-Singer/service/game/tour.go:38.23,41.3 2 1
github.com/jameshwc/Million-Singer/service/game/tour.go:46.50,48.16 2 1
github.com/jameshwc/Million-Singer/service/game/tour.go:52.2,52.19 1 1
github.com/jameshwc/Million-Singer/service/game/tour.go:48.16,51.3 2 1
github.com/jameshwc/Million-Singer/service/game/tour.go:55.60,57.26 1 1
github.com/jameshwc/Million-Singer/service/game/tour.go:61.2,61.36 1 1
github.com/jameshwc/Million-Singer/service/game/tour.go:65.2,66.16 2 1
github.com/jameshwc/Million-Singer/service/game/tour.go:72.2,73.16 2 1
github.com/jameshwc/Million-Singer/service/game/tour.go:78.2,78.16 1 1
github.com/jameshwc/Million-Singer/service/game/tour.go:57.26,59.3 1 1
github.com/jameshwc/Million-Singer/service/game/tour.go:61.36,63.3 1 1
github.com/jameshwc/Million-Singer/service/game/tour.go:66.16,69.3 2 1
github.com/jameshwc/Million-Singer/service/game/tour.go:69.8,69.47 1 1
github.com/jameshwc/Million-Singer/service/game/tour.go:69.47,71.3 1 1
github.com/jameshwc/Million-Singer/service/game/tour.go:73.16,76.3 2 1
